<?xml version="1.0" encoding="UTF-8"?>
<testsuite xmlns:xsi="http://www.w3.org/2001/XMLSchema-instance" xsi:noNamespaceSchemaLocation="https://maven.apache.org/surefire/maven-surefire-plugin/xsd/surefire-test-report-3.0.xsd" version="3.0" name="com.automation.runner.TestRunner" time="47.513" tests="1" errors="0" skipped="0" failures="0">
  <properties>
[...]
</properties>
  <testcase name="Verify login with credentials" classname="Validate login functionality" time="46.802">
    <system-out><![CDATA[Complete Date is ::01-10-2023 22 04 54
Date is ::01-10-2023
22 04 54
22-04-54
browser directory is directoryNameC:\Users\mvssr\LakshimSelenium\AutomationTesting 2 3/testResults/chrome
dateDirectory directory is directoryNameC:\Users\mvssr\LakshimSelenium\AutomationTesting 2 3/testResults/chrome/01-10-2023
timestamp directory is directoryNameC:\Users\mvssr\LakshimSelenium\AutomationTesting 2 3/testResults/chrome/01-10-2023/22-04-54
screenshot directory is directoryNameC:\Users\mvssr\LakshimSelenium\AutomationTesting 2 3/testResults/chrome/01-10-2023/22-04-54/screenshots
extent report dir directory is directoryNameC:\Users\mvssr\LakshimSelenium\AutomationTesting 2 3/testResults/chrome/01-10-2023/22-04-54/extentreport
log directory is directoryNameC:\Users\mvssr\LakshimSelenium\AutomationTesting 2 3/testResults/chrome/01-10-2023/22-04-54/logs
log file name is ::C:\Users\mvssr\LakshimSelenium\AutomationTesting 2 3/testResults/chrome/01-10-2023/22-04-54/logs/log.log
extentReportC:\Users\mvssr\LakshimSelenium\AutomationTesting 2 3/testResults/chrome/01-10-2023/22-04-54/extentreport/ExtentReport.html
]]></system-out>
    <system-err><![CDATA[log4j:WARN No appenders could be found for logger (com.automation.utils.PropertyUtils).
log4j:WARN Please initialize the log4j system properly.
log4j:WARN See http://logging.apache.org/log4j/1.2/faq.html#noconfig for more info.
Starting ChromeDriver 117.0.5938.92 (67649b10b92bb182fba357831ef7dd6a1baa5648-refs/branch-heads/5938_62@{#14}) on port 54604
Only local connections are allowed.
Please see https://chromedriver.chromium.org/security-considerations for suggestions on keeping ChromeDriver safe.
ChromeDriver was started successfully.
Oct 01, 2023 10:04:57 PM org.openqa.selenium.remote.ProtocolHandshake createSession
INFO: Detected dialect: W3C
]]></system-err>
  </testcase>
</testsuite>